This file contains any messages produced by compilers while
running configure, to aid debugging if configure makes a mistake.

It was created by gsoap configure 2.8, which was
generated by GNU Autoconf 2.71.  Invocation command line was

  $ ./configure

## --------- ##
## Platform. ##
## --------- ##

hostname = archlinux
uname -m = x86_64
uname -r = 5.18.16-arch1-1
uname -s = Linux
uname -v = #1 SMP PREEMPT_DYNAMIC Wed, 03 Aug 2022 11:25:04 +0000

/usr/bin/uname -p = unknown
/bin/uname -X     = unknown

/bin/arch              = unknown
/usr/bin/arch -k       = unknown
/usr/convex/getsysinfo = unknown
/usr/bin/hostinfo      = unknown
/bin/machine           = unknown
/usr/bin/oslevel       = unknown
/bin/universe          = unknown

PATH: /usr/local/sbin/
PATH: /usr/local/bin/
PATH: /usr/bin/
PATH: /usr/bin/site_perl/
PATH: /usr/bin/vendor_perl/
PATH: /usr/bin/core_perl/


## ----------- ##
## Core tests. ##
## ----------- ##

configure:2830: looking for aux files: compile config.guess config.sub missing install-sh
configure:2843:  trying ./
configure:2872:   ./compile found
configure:2872:   ./config.guess found
configure:2872:   ./config.sub found
configure:2872:   ./missing found
configure:2854:   ./install-sh found
configure:3001: checking for a BSD-compatible install
configure:3074: result: /usr/bin/install -c
configure:3085: checking whether build environment is sane
configure:3140: result: yes
configure:3299: checking for a race-free mkdir -p
configure:3343: result: /usr/bin/mkdir -p
configure:3350: checking for gawk
configure:3371: found /usr/bin/gawk
configure:3382: result: gawk
configure:3393: checking whether make sets $(MAKE)
configure:3416: result: yes
configure:3446: checking whether make supports nested variables
configure:3464: result: yes
configure:3607: checking build system type
configure:3622: result: x86_64-unknown-linux-gnu
configure:3642: checking host system type
configure:3656: result: x86_64-unknown-linux-gnu
configure:3681: checking whether make sets $(MAKE)
configure:3704: result: yes
configure:3783: checking for g++
configure:3804: found /usr/bin/g++
configure:3815: result: g++
configure:3842: checking for C++ compiler version
configure:3851: g++ --version >&5
g++ (GCC) 12.1.1 20220730
Copyright (C) 2022 Free Software Foundation, Inc.
This is free software; see the source for copying conditions.  There is NO
warranty; not even for MERCHANTABILITY or FITNESS FOR A PARTICULAR PURPOSE.

configure:3862: $? = 0
configure:3851: g++ -v >&5
Using built-in specs.
COLLECT_GCC=g++
COLLECT_LTO_WRAPPER=/usr/lib/gcc/x86_64-pc-linux-gnu/12.1.1/lto-wrapper
Target: x86_64-pc-linux-gnu
Configured with: /build/gcc/src/gcc/configure --enable-languages=c,c++,ada,fortran,go,lto,objc,obj-c++,d --enable-bootstrap --prefix=/usr --libdir=/usr/lib --libexecdir=/usr/lib --mandir=/usr/share/man --infodir=/usr/share/info --with-bugurl=https://bugs.archlinux.org/ --with-build-config=bootstrap-lto --with-linker-hash-style=gnu --with-system-zlib --enable-__cxa_atexit --enable-cet=auto --enable-checking=release --enable-clocale=gnu --enable-default-pie --enable-default-ssp --enable-gnu-indirect-function --enable-gnu-unique-object --enable-libstdcxx-backtrace --enable-link-serialization=1 --enable-linker-build-id --enable-lto --enable-multilib --enable-plugin --enable-shared --enable-threads=posix --disable-libssp --disable-libstdcxx-pch --disable-werror
Thread model: posix
Supported LTO compression algorithms: zlib zstd
gcc version 12.1.1 20220730 (GCC) 
configure:3862: $? = 0
configure:3851: g++ -V >&5
g++: error: unrecognized command-line option '-V'
g++: fatal error: no input files
compilation terminated.
configure:3862: $? = 1
configure:3851: g++ -qversion >&5
g++: error: unrecognized command-line option '-qversion'; did you mean '--version'?
g++: fatal error: no input files
compilation terminated.
configure:3862: $? = 1
configure:3882: checking whether the C++ compiler works
configure:3904: g++    conftest.cpp  >&5
configure:3908: $? = 0
configure:3958: result: yes
configure:3961: checking for C++ compiler default output file name
configure:3963: result: a.out
configure:3969: checking for suffix of executables
configure:3976: g++ -o conftest    conftest.cpp  >&5
configure:3980: $? = 0
configure:4003: result: 
configure:4025: checking whether we are cross compiling
configure:4033: g++ -o conftest    conftest.cpp  >&5
configure:4037: $? = 0
configure:4044: ./conftest
configure:4048: $? = 0
configure:4063: result: no
configure:4068: checking for suffix of object files
configure:4091: g++ -c   conftest.cpp >&5
configure:4095: $? = 0
configure:4117: result: o
configure:4121: checking whether the compiler supports GNU C++
configure:4141: g++ -c   conftest.cpp >&5
configure:4141: $? = 0
configure:4151: result: yes
configure:4162: checking whether g++ accepts -g
configure:4183: g++ -c -g  conftest.cpp >&5
configure:4183: $? = 0
configure:4227: result: yes
configure:4247: checking for g++ option to enable C++11 features
configure:4262: g++  -c -g -O2  conftest.cpp >&5
conftest.cpp: In function 'int main(int, char**)':
conftest.cpp:177:25: warning: empty parentheses were disambiguated as a function declaration [-Wvexing-parse]
  177 |   cxx11test::delegate d2();
      |                         ^~
conftest.cpp:177:25: note: remove parentheses to default-initialize a variable
  177 |   cxx11test::delegate d2();
      |                         ^~
      |                         --
conftest.cpp:177:25: note: or replace parentheses with braces to value-initialize a variable
configure:4262: $? = 0
configure:4280: result: none needed
configure:4347: checking whether make supports the include directive
configure:4362: make -f confmf.GNU && cat confinc.out
this is the am__doit target
configure:4365: $? = 0
configure:4384: result: yes (GNU style)
configure:4410: checking dependency style of g++
configure:4522: result: gcc3
configure:4599: checking for gcc
configure:4620: found /usr/bin/gcc
configure:4631: result: gcc
configure:4984: checking for C compiler version
configure:4993: gcc --version >&5
gcc (GCC) 12.1.1 20220730
Copyright (C) 2022 Free Software Foundation, Inc.
This is free software; see the source for copying conditions.  There is NO
warranty; not even for MERCHANTABILITY or FITNESS FOR A PARTICULAR PURPOSE.

configure:5004: $? = 0
configure:4993: gcc -v >&5
Using built-in specs.
COLLECT_GCC=gcc
COLLECT_LTO_WRAPPER=/usr/lib/gcc/x86_64-pc-linux-gnu/12.1.1/lto-wrapper
Target: x86_64-pc-linux-gnu
Configured with: /build/gcc/src/gcc/configure --enable-languages=c,c++,ada,fortran,go,lto,objc,obj-c++,d --enable-bootstrap --prefix=/usr --libdir=/usr/lib --libexecdir=/usr/lib --mandir=/usr/share/man --infodir=/usr/share/info --with-bugurl=https://bugs.archlinux.org/ --with-build-config=bootstrap-lto --with-linker-hash-style=gnu --with-system-zlib --enable-__cxa_atexit --enable-cet=auto --enable-checking=release --enable-clocale=gnu --enable-default-pie --enable-default-ssp --enable-gnu-indirect-function --enable-gnu-unique-object --enable-libstdcxx-backtrace --enable-link-serialization=1 --enable-linker-build-id --enable-lto --enable-multilib --enable-plugin --enable-shared --enable-threads=posix --disable-libssp --disable-libstdcxx-pch --disable-werror
Thread model: posix
Supported LTO compression algorithms: zlib zstd
gcc version 12.1.1 20220730 (GCC) 
configure:5004: $? = 0
configure:4993: gcc -V >&5
gcc: error: unrecognized command-line option '-V'
gcc: fatal error: no input files
compilation terminated.
configure:5004: $? = 1
configure:4993: gcc -qversion >&5
gcc: error: unrecognized command-line option '-qversion'; did you mean '--version'?
gcc: fatal error: no input files
compilation terminated.
configure:5004: $? = 1
configure:4993: gcc -version >&5
gcc: error: unrecognized command-line option '-version'
gcc: fatal error: no input files
compilation terminated.
configure:5004: $? = 1
configure:5008: checking whether the compiler supports GNU C
configure:5028: gcc -c   conftest.c >&5
configure:5028: $? = 0
configure:5038: result: yes
configure:5049: checking whether gcc accepts -g
configure:5070: gcc -c -g  conftest.c >&5
configure:5070: $? = 0
configure:5114: result: yes
configure:5134: checking for gcc option to enable C11 features
configure:5149: gcc  -c -g -O2  conftest.c >&5
configure:5149: $? = 0
configure:5167: result: none needed
configure:5283: checking whether gcc understands -c and -o together
configure:5306: gcc -c conftest.c -o conftest2.o
configure:5309: $? = 0
configure:5306: gcc -c conftest.c -o conftest2.o
configure:5309: $? = 0
configure:5321: result: yes
configure:5340: checking dependency style of gcc
configure:5452: result: gcc3
configure:5473: checking for flex
configure:5494: found /usr/bin/flex
configure:5505: result: flex
configure:5554: checking for lex output file root
configure:5567: flex conftest.l
configure:5571: $? = 0
configure:5579: result: lex.yy
configure:5594: checking for lex library
configure:5619: gcc -o conftest -g -O2   conftest.c  >&5
configure:5619: $? = 0
configure:5632: result: none needed
configure:5647: checking for library containing yywrap
configure:5677: gcc -o conftest -g -O2   conftest.c  >&5
/usr/bin/ld: /tmp/ccX1oNCZ.o: in function `main':
/home/sudo1/onvif/gsoap-2.8/conftest.c:19: undefined reference to `yywrap'
collect2: error: ld returned 1 exit status
configure:5677: $? = 1
configure: failed program was:
| /* confdefs.h */
| #define PACKAGE_NAME "gsoap"
| #define PACKAGE_TARNAME "gsoap"
| #define PACKAGE_VERSION "2.8"
| #define PACKAGE_STRING "gsoap 2.8"
| #define PACKAGE_BUGREPORT ""
| #define PACKAGE_URL ""
| #define PACKAGE "gsoap"
| #define VERSION "2.8"
| /* end confdefs.h.  */
| 
| /* Override any GCC internal prototype to avoid an error.
|    Use char because int might match the return type of a GCC
|    builtin and then its argument prototype would still apply.  */
| char yywrap ();
| int
| main (void)
| {
| return yywrap ();
|   ;
|   return 0;
| }
configure:5677: gcc -o conftest -g -O2   conftest.c -lfl   >&5
/usr/bin/ld: /usr/lib/gcc/x86_64-pc-linux-gnu/12.1.1/../../../../lib/libfl.so: undefined reference to `yylex'
collect2: error: ld returned 1 exit status
configure:5677: $? = 1
configure: failed program was:
| /* confdefs.h */
| #define PACKAGE_NAME "gsoap"
| #define PACKAGE_TARNAME "gsoap"
| #define PACKAGE_VERSION "2.8"
| #define PACKAGE_STRING "gsoap 2.8"
| #define PACKAGE_BUGREPORT ""
| #define PACKAGE_URL ""
| #define PACKAGE "gsoap"
| #define VERSION "2.8"
| /* end confdefs.h.  */
| 
| /* Override any GCC internal prototype to avoid an error.
|    Use char because int might match the return type of a GCC
|    builtin and then its argument prototype would still apply.  */
| char yywrap ();
| int
| main (void)
| {
| return yywrap ();
|   ;
|   return 0;
| }
configure:5677: gcc -o conftest -g -O2   conftest.c -ll   >&5
/usr/bin/ld: cannot find -ll: No such file or directory
collect2: error: ld returned 1 exit status
configure:5677: $? = 1
configure: failed program was:
| /* confdefs.h */
| #define PACKAGE_NAME "gsoap"
| #define PACKAGE_TARNAME "gsoap"
| #define PACKAGE_VERSION "2.8"
| #define PACKAGE_STRING "gsoap 2.8"
| #define PACKAGE_BUGREPORT ""
| #define PACKAGE_URL ""
| #define PACKAGE "gsoap"
| #define VERSION "2.8"
| /* end confdefs.h.  */
| 
| /* Override any GCC internal prototype to avoid an error.
|    Use char because int might match the return type of a GCC
|    builtin and then its argument prototype would still apply.  */
| char yywrap ();
| int
| main (void)
| {
| return yywrap ();
|   ;
|   return 0;
| }
configure:5697: result: no
configure:5713: checking whether yytext is a pointer
configure:5729: gcc -c -g -O2  conftest.c >&5
configure:5729: $? = 0
configure:5736: result: yes
configure:5755: checking for bison
configure:5776: found /usr/bin/bison
configure:5787: result: bison -y
configure:5804: checking how to run the C preprocessor
configure:5830: gcc -E  conftest.c
configure:5830: $? = 0
configure:5845: gcc -E  conftest.c
conftest.c:12:10: fatal error: ac_nonexistent.h: No such file or directory
   12 | #include <ac_nonexistent.h>
      |          ^~~~~~~~~~~~~~~~~~
compilation terminated.
configure:5845: $? = 1
configure: failed program was:
| /* confdefs.h */
| #define PACKAGE_NAME "gsoap"
| #define PACKAGE_TARNAME "gsoap"
| #define PACKAGE_VERSION "2.8"
| #define PACKAGE_STRING "gsoap 2.8"
| #define PACKAGE_BUGREPORT ""
| #define PACKAGE_URL ""
| #define PACKAGE "gsoap"
| #define VERSION "2.8"
| #define YYTEXT_POINTER 1
| /* end confdefs.h.  */
| #include <ac_nonexistent.h>
configure:5872: result: gcc -E
configure:5886: gcc -E  conftest.c
configure:5886: $? = 0
configure:5901: gcc -E  conftest.c
conftest.c:12:10: fatal error: ac_nonexistent.h: No such file or directory
   12 | #include <ac_nonexistent.h>
      |          ^~~~~~~~~~~~~~~~~~
compilation terminated.
configure:5901: $? = 1
configure: failed program was:
| /* confdefs.h */
| #define PACKAGE_NAME "gsoap"
| #define PACKAGE_TARNAME "gsoap"
| #define PACKAGE_VERSION "2.8"
| #define PACKAGE_STRING "gsoap 2.8"
| #define PACKAGE_BUGREPORT ""
| #define PACKAGE_URL ""
| #define PACKAGE "gsoap"
| #define VERSION "2.8"
| #define YYTEXT_POINTER 1
| /* end confdefs.h.  */
| #include <ac_nonexistent.h>
configure:5979: checking for ranlib
configure:6000: found /usr/bin/ranlib
configure:6011: result: ranlib
configure:6034: checking whether ln -s works
configure:6038: result: yes
configure:6049: checking for gawk
configure:6081: result: gawk
configure:6142: checking for ar
configure:6163: found /usr/bin/ar
configure:6174: result: ar
configure:6274: checking for stdio.h
configure:6274: gcc -c -g -O2  conftest.c >&5
configure:6274: $? = 0
configure:6274: result: yes
configure:6274: checking for stdlib.h
configure:6274: gcc -c -g -O2  conftest.c >&5
configure:6274: $? = 0
configure:6274: result: yes
configure:6274: checking for string.h
configure:6274: gcc -c -g -O2  conftest.c >&5
configure:6274: $? = 0
configure:6274: result: yes
configure:6274: checking for inttypes.h
configure:6274: gcc -c -g -O2  conftest.c >&5
configure:6274: $? = 0
configure:6274: result: yes
configure:6274: checking for stdint.h
configure:6274: gcc -c -g -O2  conftest.c >&5
configure:6274: $? = 0
configure:6274: result: yes
configure:6274: checking for strings.h
configure:6274: gcc -c -g -O2  conftest.c >&5
configure:6274: $? = 0
configure:6274: result: yes
configure:6274: checking for sys/stat.h
configure:6274: gcc -c -g -O2  conftest.c >&5
configure:6274: $? = 0
configure:6274: result: yes
configure:6274: checking for sys/types.h
configure:6274: gcc -c -g -O2  conftest.c >&5
configure:6274: $? = 0
configure:6274: result: yes
configure:6274: checking for unistd.h
configure:6274: gcc -c -g -O2  conftest.c >&5
configure:6274: $? = 0
configure:6274: result: yes
configure:6274: checking for sys/time.h
configure:6274: gcc -c -g -O2  conftest.c >&5
configure:6274: $? = 0
configure:6274: result: yes
configure:6299: checking for arpa/inet.h
configure:6299: gcc -c -g -O2  conftest.c >&5
configure:6299: $? = 0
configure:6299: result: yes
configure:6305: checking for locale.h
configure:6305: gcc -c -g -O2  conftest.c >&5
configure:6305: $? = 0
configure:6305: result: yes
configure:6311: checking for xlocale.h
configure:6311: gcc -c -g -O2  conftest.c >&5
conftest.c:53:10: fatal error: xlocale.h: No such file or directory
   53 | #include <xlocale.h>
      |          ^~~~~~~~~~~
compilation terminated.
configure:6311: $? = 1
configure: failed program was:
| /* confdefs.h */
| #define PACKAGE_NAME "gsoap"
| #define PACKAGE_TARNAME "gsoap"
| #define PACKAGE_VERSION "2.8"
| #define PACKAGE_STRING "gsoap 2.8"
| #define PACKAGE_BUGREPORT ""
| #define PACKAGE_URL ""
| #define PACKAGE "gsoap"
| #define VERSION "2.8"
| #define YYTEXT_POINTER 1
| #define HAVE_STDIO_H 1
| #define HAVE_STDLIB_H 1
| #define HAVE_STRING_H 1
| #define HAVE_INTTYPES_H 1
| #define HAVE_STDINT_H 1
| #define HAVE_STRINGS_H 1
| #define HAVE_SYS_STAT_H 1
| #define HAVE_SYS_TYPES_H 1
| #define HAVE_UNISTD_H 1
| #define HAVE_SYS_TIME_H 1
| #define STDC_HEADERS 1
| #define HAVE_ARPA_INET_H 1
| #define HAVE_LOCALE_H 1
| /* end confdefs.h.  */
| #include <stddef.h>
| #ifdef HAVE_STDIO_H
| # include <stdio.h>
| #endif
| #ifdef HAVE_STDLIB_H
| # include <stdlib.h>
| #endif
| #ifdef HAVE_STRING_H
| # include <string.h>
| #endif
| #ifdef HAVE_INTTYPES_H
| # include <inttypes.h>
| #endif
| #ifdef HAVE_STDINT_H
| # include <stdint.h>
| #endif
| #ifdef HAVE_STRINGS_H
| # include <strings.h>
| #endif
| #ifdef HAVE_SYS_TYPES_H
| # include <sys/types.h>
| #endif
| #ifdef HAVE_SYS_STAT_H
| # include <sys/stat.h>
| #endif
| #ifdef HAVE_UNISTD_H
| # include <unistd.h>
| #endif
| #include <xlocale.h>
configure:6311: result: no
configure:6317: checking for errno.h
configure:6317: gcc -c -g -O2  conftest.c >&5
configure:6317: $? = 0
configure:6317: result: yes
configure:6323: checking for fcntl.h
configure:6323: gcc -c -g -O2  conftest.c >&5
configure:6323: $? = 0
configure:6323: result: yes
configure:6329: checking for ctype.h
configure:6329: gcc -c -g -O2  conftest.c >&5
configure:6329: $? = 0
configure:6329: result: yes
configure:6335: checking for limits.h
configure:6335: gcc -c -g -O2  conftest.c >&5
configure:6335: $? = 0
configure:6335: result: yes
configure:6341: checking for float.h
configure:6341: gcc -c -g -O2  conftest.c >&5
configure:6341: $? = 0
configure:6341: result: yes
configure:6347: checking for math.h
configure:6347: gcc -c -g -O2  conftest.c >&5
configure:6347: $? = 0
configure:6347: result: yes
configure:6353: checking for netdb.h
configure:6353: gcc -c -g -O2  conftest.c >&5
configure:6353: $? = 0
configure:6353: result: yes
configure:6359: checking for netinet/in.h
configure:6359: gcc -c -g -O2  conftest.c >&5
configure:6359: $? = 0
configure:6359: result: yes
configure:6365: checking for stdlib.h
configure:6365: result: yes
configure:6371: checking for string.h
configure:6371: result: yes
configure:6377: checking for strings.h
configure:6377: result: yes
configure:6383: checking for stdint.h
configure:6383: result: yes
configure:6389: checking for inttypes.h
configure:6389: result: yes
configure:6395: checking for time.h
configure:6395: gcc -c -g -O2  conftest.c >&5
configure:6395: $? = 0
configure:6395: result: yes
configure:6401: checking for sys/inttypes.h
configure:6401: gcc -c -g -O2  conftest.c >&5
conftest.c:67:10: fatal error: sys/inttypes.h: No such file or directory
   67 | #include <sys/inttypes.h>
      |          ^~~~~~~~~~~~~~~~
compilation terminated.
configure:6401: $? = 1
configure: failed program was:
| /* confdefs.h */
| #define PACKAGE_NAME "gsoap"
| #define PACKAGE_TARNAME "gsoap"
| #define PACKAGE_VERSION "2.8"
| #define PACKAGE_STRING "gsoap 2.8"
| #define PACKAGE_BUGREPORT ""
| #define PACKAGE_URL ""
| #define PACKAGE "gsoap"
| #define VERSION "2.8"
| #define YYTEXT_POINTER 1
| #define HAVE_STDIO_H 1
| #define HAVE_STDLIB_H 1
| #define HAVE_STRING_H 1
| #define HAVE_INTTYPES_H 1
| #define HAVE_STDINT_H 1
| #define HAVE_STRINGS_H 1
| #define HAVE_SYS_STAT_H 1
| #define HAVE_SYS_TYPES_H 1
| #define HAVE_UNISTD_H 1
| #define HAVE_SYS_TIME_H 1
| #define STDC_HEADERS 1
| #define HAVE_ARPA_INET_H 1
| #define HAVE_LOCALE_H 1
| #define HAVE_ERRNO_H 1
| #define HAVE_FCNTL_H 1
| #define HAVE_CTYPE_H 1
| #define HAVE_LIMITS_H 1
| #define HAVE_FLOAT_H 1
| #define HAVE_MATH_H 1
| #define HAVE_NETDB_H 1
| #define HAVE_NETINET_IN_H 1
| #define HAVE_STDLIB_H 1
| #define HAVE_STRING_H 1
| #define HAVE_STRINGS_H 1
| #define HAVE_STDINT_H 1
| #define HAVE_INTTYPES_H 1
| #define HAVE_TIME_H 1
| /* end confdefs.h.  */
| #include <stddef.h>
| #ifdef HAVE_STDIO_H
| # include <stdio.h>
| #endif
| #ifdef HAVE_STDLIB_H
| # include <stdlib.h>
| #endif
| #ifdef HAVE_STRING_H
| # include <string.h>
| #endif
| #ifdef HAVE_INTTYPES_H
| # include <inttypes.h>
| #endif
| #ifdef HAVE_STDINT_H
| # include <stdint.h>
| #endif
| #ifdef HAVE_STRINGS_H
| # include <strings.h>
| #endif
| #ifdef HAVE_SYS_TYPES_H
| # include <sys/types.h>
| #endif
| #ifdef HAVE_SYS_STAT_H
| # include <sys/stat.h>
| #endif
| #ifdef HAVE_UNISTD_H
| # include <unistd.h>
| #endif
| #include <sys/inttypes.h>
configure:6401: result: no
configure:6407: checking for sys/socket.h
configure:6407: gcc -c -g -O2  conftest.c >&5
configure:6407: $? = 0
configure:6407: result: yes
configure:6413: checking for sys/types.h
configure:6413: result: yes
configure:6419: checking for sys/time.h
configure:6419: result: yes
configure:6425: checking for sys/timeb.h
configure:6425: gcc -c -g -O2  conftest.c >&5
configure:6425: $? = 0
configure:6425: result: yes
configure:6431: checking for unistd.h
configure:6431: result: yes
configure:6437: checking for poll.h
configure:6437: gcc -c -g -O2  conftest.c >&5
configure:6437: $? = 0
configure:6437: result: yes
configure:6443: checking for openssl/ssl.h
configure:6443: gcc -c -g -O2  conftest.c >&5
configure:6443: $? = 0
configure:6443: result: yes
configure:6449: checking for gnutls/gnutls.h
configure:6449: gcc -c -g -O2  conftest.c >&5
configure:6449: $? = 0
configure:6449: result: yes
configure:6455: checking for zlib.h
configure:6455: gcc -c -g -O2  conftest.c >&5
configure:6455: $? = 0
configure:6455: result: yes
configure:6464: checking for socklen_t
configure:6464: gcc -c -g -O2  conftest.c >&5
configure:6464: $? = 0
configure:6464: gcc -c -g -O2  conftest.c >&5
conftest.c: In function 'main':
conftest.c:57:24: error: expected expression before ')' token
   57 | if (sizeof ((socklen_t)))
      |                        ^
configure:6464: $? = 1
configure: failed program was:
| /* confdefs.h */
| #define PACKAGE_NAME "gsoap"
| #define PACKAGE_TARNAME "gsoap"
| #define PACKAGE_VERSION "2.8"
| #define PACKAGE_STRING "gsoap 2.8"
| #define PACKAGE_BUGREPORT ""
| #define PACKAGE_URL ""
| #define PACKAGE "gsoap"
| #define VERSION "2.8"
| #define YYTEXT_POINTER 1
| #define HAVE_STDIO_H 1
| #define HAVE_STDLIB_H 1
| #define HAVE_STRING_H 1
| #define HAVE_INTTYPES_H 1
| #define HAVE_STDINT_H 1
| #define HAVE_STRINGS_H 1
| #define HAVE_SYS_STAT_H 1
| #define HAVE_SYS_TYPES_H 1
| #define HAVE_UNISTD_H 1
| #define HAVE_SYS_TIME_H 1
| #define STDC_HEADERS 1
| #define HAVE_ARPA_INET_H 1
| #define HAVE_LOCALE_H 1
| #define HAVE_ERRNO_H 1
| #define HAVE_FCNTL_H 1
| #define HAVE_CTYPE_H 1
| #define HAVE_LIMITS_H 1
| #define HAVE_FLOAT_H 1
| #define HAVE_MATH_H 1
| #define HAVE_NETDB_H 1
| #define HAVE_NETINET_IN_H 1
| #define HAVE_STDLIB_H 1
| #define HAVE_STRING_H 1
| #define HAVE_STRINGS_H 1
| #define HAVE_STDINT_H 1
| #define HAVE_INTTYPES_H 1
| #define HAVE_TIME_H 1
| #define HAVE_SYS_SOCKET_H 1
| #define HAVE_SYS_TYPES_H 1
| #define HAVE_SYS_TIME_H 1
| #define HAVE_SYS_TIMEB_H 1
| #define HAVE_UNISTD_H 1
| #define HAVE_POLL_H 1
| #define HAVE_OPENSSL_SSL_H 1
| #define HAVE_GNUTLS_GNUTLS_H 1
| #define HAVE_ZLIB_H 1
| /* end confdefs.h.  */
| 
| #if HAVE_SYS_SOCKET_H
| # include <sys/socket.h>
| #endif
| 
| 
| int
| main (void)
| {
| if (sizeof ((socklen_t)))
| 	    return 0;
|   ;
|   return 0;
| }
configure:6464: result: yes
configure:6480: checking for an ANSI C-conforming const
configure:6547: gcc -c -g -O2  conftest.c >&5
configure:6547: $? = 0
configure:6555: result: yes
configure:6563: checking for size_t
configure:6563: gcc -c -g -O2  conftest.c >&5
configure:6563: $? = 0
configure:6563: gcc -c -g -O2  conftest.c >&5
conftest.c: In function 'main':
conftest.c:80:21: error: expected expression before ')' token
   80 | if (sizeof ((size_t)))
      |                     ^
configure:6563: $? = 1
configure: failed program was:
| /* confdefs.h */
| #define PACKAGE_NAME "gsoap"
| #define PACKAGE_TARNAME "gsoap"
| #define PACKAGE_VERSION "2.8"
| #define PACKAGE_STRING "gsoap 2.8"
| #define PACKAGE_BUGREPORT ""
| #define PACKAGE_URL ""
| #define PACKAGE "gsoap"
| #define VERSION "2.8"
| #define YYTEXT_POINTER 1
| #define HAVE_STDIO_H 1
| #define HAVE_STDLIB_H 1
| #define HAVE_STRING_H 1
| #define HAVE_INTTYPES_H 1
| #define HAVE_STDINT_H 1
| #define HAVE_STRINGS_H 1
| #define HAVE_SYS_STAT_H 1
| #define HAVE_SYS_TYPES_H 1
| #define HAVE_UNISTD_H 1
| #define HAVE_SYS_TIME_H 1
| #define STDC_HEADERS 1
| #define HAVE_ARPA_INET_H 1
| #define HAVE_LOCALE_H 1
| #define HAVE_ERRNO_H 1
| #define HAVE_FCNTL_H 1
| #define HAVE_CTYPE_H 1
| #define HAVE_LIMITS_H 1
| #define HAVE_FLOAT_H 1
| #define HAVE_MATH_H 1
| #define HAVE_NETDB_H 1
| #define HAVE_NETINET_IN_H 1
| #define HAVE_STDLIB_H 1
| #define HAVE_STRING_H 1
| #define HAVE_STRINGS_H 1
| #define HAVE_STDINT_H 1
| #define HAVE_INTTYPES_H 1
| #define HAVE_TIME_H 1
| #define HAVE_SYS_SOCKET_H 1
| #define HAVE_SYS_TYPES_H 1
| #define HAVE_SYS_TIME_H 1
| #define HAVE_SYS_TIMEB_H 1
| #define HAVE_UNISTD_H 1
| #define HAVE_POLL_H 1
| #define HAVE_OPENSSL_SSL_H 1
| #define HAVE_GNUTLS_GNUTLS_H 1
| #define HAVE_ZLIB_H 1
| #define HAVE_SOCKLEN_T 1
| /* end confdefs.h.  */
| #include <stddef.h>
| #ifdef HAVE_STDIO_H
| # include <stdio.h>
| #endif
| #ifdef HAVE_STDLIB_H
| # include <stdlib.h>
| #endif
| #ifdef HAVE_STRING_H
| # include <string.h>
| #endif
| #ifdef HAVE_INTTYPES_H
| # include <inttypes.h>
| #endif
| #ifdef HAVE_STDINT_H
| # include <stdint.h>
| #endif
| #ifdef HAVE_STRINGS_H
| # include <strings.h>
| #endif
| #ifdef HAVE_SYS_TYPES_H
| # include <sys/types.h>
| #endif
| #ifdef HAVE_SYS_STAT_H
| # include <sys/stat.h>
| #endif
| #ifdef HAVE_UNISTD_H
| # include <unistd.h>
| #endif
| int
| main (void)
| {
| if (sizeof ((size_t)))
| 	    return 0;
|   ;
|   return 0;
| }
configure:6563: result: yes
configure:6573: checking whether struct tm is in sys/time.h or time.h
configure:6594: gcc -c -g -O2  conftest.c >&5
configure:6594: $? = 0
configure:6602: result: time.h
configure:6610: checking for struct tm.tm_gmtoff
configure:6610: gcc -c -g -O2  conftest.c >&5
configure:6610: $? = 0
configure:6610: result: yes
configure:6622: checking for struct tm.__tm_gmtoff
configure:6622: gcc -c -g -O2  conftest.c >&5
conftest.c: In function 'main':
conftest.c:59:13: error: 'struct tm' has no member named '__tm_gmtoff'; did you mean 'tm_gmtoff'?
   59 | if (ac_aggr.__tm_gmtoff)
      |             ^~~~~~~~~~~
      |             tm_gmtoff
configure:6622: $? = 1
configure: failed program was:
| /* confdefs.h */
| #define PACKAGE_NAME "gsoap"
| #define PACKAGE_TARNAME "gsoap"
| #define PACKAGE_VERSION "2.8"
| #define PACKAGE_STRING "gsoap 2.8"
| #define PACKAGE_BUGREPORT ""
| #define PACKAGE_URL ""
| #define PACKAGE "gsoap"
| #define VERSION "2.8"
| #define YYTEXT_POINTER 1
| #define HAVE_STDIO_H 1
| #define HAVE_STDLIB_H 1
| #define HAVE_STRING_H 1
| #define HAVE_INTTYPES_H 1
| #define HAVE_STDINT_H 1
| #define HAVE_STRINGS_H 1
| #define HAVE_SYS_STAT_H 1
| #define HAVE_SYS_TYPES_H 1
| #define HAVE_UNISTD_H 1
| #define HAVE_SYS_TIME_H 1
| #define STDC_HEADERS 1
| #define HAVE_ARPA_INET_H 1
| #define HAVE_LOCALE_H 1
| #define HAVE_ERRNO_H 1
| #define HAVE_FCNTL_H 1
| #define HAVE_CTYPE_H 1
| #define HAVE_LIMITS_H 1
| #define HAVE_FLOAT_H 1
| #define HAVE_MATH_H 1
| #define HAVE_NETDB_H 1
| #define HAVE_NETINET_IN_H 1
| #define HAVE_STDLIB_H 1
| #define HAVE_STRING_H 1
| #define HAVE_STRINGS_H 1
| #define HAVE_STDINT_H 1
| #define HAVE_INTTYPES_H 1
| #define HAVE_TIME_H 1
| #define HAVE_SYS_SOCKET_H 1
| #define HAVE_SYS_TYPES_H 1
| #define HAVE_SYS_TIME_H 1
| #define HAVE_SYS_TIMEB_H 1
| #define HAVE_UNISTD_H 1
| #define HAVE_POLL_H 1
| #define HAVE_OPENSSL_SSL_H 1
| #define HAVE_GNUTLS_GNUTLS_H 1
| #define HAVE_ZLIB_H 1
| #define HAVE_SOCKLEN_T 1
| #define HAVE_STRUCT_TM_TM_GMTOFF 1
| /* end confdefs.h.  */
| 
| #include <sys/types.h>
| #include <time.h>
| 
| 
| int
| main (void)
| {
| static struct tm ac_aggr;
| if (ac_aggr.__tm_gmtoff)
| return 0;
|   ;
|   return 0;
| }
configure:6622: gcc -c -g -O2  conftest.c >&5
conftest.c: In function 'main':
conftest.c:59:20: error: 'struct tm' has no member named '__tm_gmtoff'; did you mean 'tm_gmtoff'?
   59 | if (sizeof ac_aggr.__tm_gmtoff)
      |                    ^~~~~~~~~~~
      |                    tm_gmtoff
configure:6622: $? = 1
configure: failed program was:
| /* confdefs.h */
| #define PACKAGE_NAME "gsoap"
| #define PACKAGE_TARNAME "gsoap"
| #define PACKAGE_VERSION "2.8"
| #define PACKAGE_STRING "gsoap 2.8"
| #define PACKAGE_BUGREPORT ""
| #define PACKAGE_URL ""
| #define PACKAGE "gsoap"
| #define VERSION "2.8"
| #define YYTEXT_POINTER 1
| #define HAVE_STDIO_H 1
| #define HAVE_STDLIB_H 1
| #define HAVE_STRING_H 1
| #define HAVE_INTTYPES_H 1
| #define HAVE_STDINT_H 1
| #define HAVE_STRINGS_H 1
| #define HAVE_SYS_STAT_H 1
| #define HAVE_SYS_TYPES_H 1
| #define HAVE_UNISTD_H 1
| #define HAVE_SYS_TIME_H 1
| #define STDC_HEADERS 1
| #define HAVE_ARPA_INET_H 1
| #define HAVE_LOCALE_H 1
| #define HAVE_ERRNO_H 1
| #define HAVE_FCNTL_H 1
| #define HAVE_CTYPE_H 1
| #define HAVE_LIMITS_H 1
| #define HAVE_FLOAT_H 1
| #define HAVE_MATH_H 1
| #define HAVE_NETDB_H 1
| #define HAVE_NETINET_IN_H 1
| #define HAVE_STDLIB_H 1
| #define HAVE_STRING_H 1
| #define HAVE_STRINGS_H 1
| #define HAVE_STDINT_H 1
| #define HAVE_INTTYPES_H 1
| #define HAVE_TIME_H 1
| #define HAVE_SYS_SOCKET_H 1
| #define HAVE_SYS_TYPES_H 1
| #define HAVE_SYS_TIME_H 1
| #define HAVE_SYS_TIMEB_H 1
| #define HAVE_UNISTD_H 1
| #define HAVE_POLL_H 1
| #define HAVE_OPENSSL_SSL_H 1
| #define HAVE_GNUTLS_GNUTLS_H 1
| #define HAVE_ZLIB_H 1
| #define HAVE_SOCKLEN_T 1
| #define HAVE_STRUCT_TM_TM_GMTOFF 1
| /* end confdefs.h.  */
| 
| #include <sys/types.h>
| #include <time.h>
| 
| 
| int
| main (void)
| {
| static struct tm ac_aggr;
| if (sizeof ac_aggr.__tm_gmtoff)
| return 0;
|   ;
|   return 0;
| }
configure:6622: result: no
configure:6642: checking for alarm
configure:6642: gcc -o conftest -g -O2   conftest.c  >&5
configure:6642: $? = 0
configure:6642: result: yes
configure:6653: checking for working mktime
configure:6851: gcc -o conftest -g -O2   conftest.c  >&5
configure:6851: $? = 0
configure:6851: ./conftest
configure:6851: $? = 0
configure:6862: result: yes
configure:6876: checking for strftime
configure:6876: gcc -o conftest -g -O2   conftest.c  >&5
conftest.c:67:6: warning: conflicting types for built-in function 'strftime'; expected 'long unsigned int(char *, long unsigned int,  const char *, const void *)' [-Wbuiltin-declaration-mismatch]
   67 | char strftime ();
      |      ^~~~~~~~
conftest.c:59:1: note: 'strftime' is declared in header '<time.h>'
   58 | #include <limits.h>
   59 | #undef strftime
configure:6876: $? = 0
configure:6876: result: yes
configure:6928: checking for random
configure:6928: gcc -o conftest -g -O2   conftest.c  >&5
configure:6928: $? = 0
configure:6928: result: yes
configure:6934: checking for gettimeofday
configure:6934: gcc -o conftest -g -O2   conftest.c  >&5
configure:6934: $? = 0
configure:6934: result: yes
configure:6940: checking for ftime
configure:6940: gcc -o conftest -g -O2   conftest.c  >&5
configure:6940: $? = 0
configure:6940: result: yes
configure:6946: checking for localtime_r
configure:6946: gcc -o conftest -g -O2   conftest.c  >&5
configure:6946: $? = 0
configure:6946: result: yes
configure:6952: checking for timegm
configure:6952: gcc -o conftest -g -O2   conftest.c  >&5
configure:6952: $? = 0
configure:6952: result: yes
configure:6958: checking for gmtime
configure:6958: gcc -o conftest -g -O2   conftest.c  >&5
configure:6958: $? = 0
configure:6958: result: yes
configure:6964: checking for gmtime_r
configure:6964: gcc -o conftest -g -O2   conftest.c  >&5
configure:6964: $? = 0
configure:6964: result: yes
configure:6970: checking for asctime
configure:6970: gcc -o conftest -g -O2   conftest.c  >&5
configure:6970: $? = 0
configure:6970: result: yes
configure:6976: checking for asctime_r
configure:6976: gcc -o conftest -g -O2   conftest.c  >&5
configure:6976: $? = 0
configure:6976: result: yes
configure:6982: checking for memset
configure:6982: gcc -o conftest -g -O2   conftest.c  >&5
conftest.c:77:6: warning: conflicting types for built-in function 'memset'; expected 'void *(void *, int,  long unsigned int)' [-Wbuiltin-declaration-mismatch]
   77 | char memset ();
      |      ^~~~~~
conftest.c:69:1: note: 'memset' is declared in header '<string.h>'
   68 | #include <limits.h>
   69 | #undef memset
configure:6982: $? = 0
configure:6982: result: yes
configure:6988: checking for select
configure:6988: gcc -o conftest -g -O2   conftest.c  >&5
configure:6988: $? = 0
configure:6988: result: yes
configure:6994: checking for socket
configure:6994: gcc -o conftest -g -O2   conftest.c  >&5
configure:6994: $? = 0
configure:6994: result: yes
configure:7000: checking for snprintf
configure:7000: gcc -o conftest -g -O2   conftest.c  >&5
conftest.c:80:6: warning: conflicting types for built-in function 'snprintf'; expected 'int(char *, long unsigned int,  const char *, ...)' [-Wbuiltin-declaration-mismatch]
   80 | char snprintf ();
      |      ^~~~~~~~
conftest.c:72:1: note: 'snprintf' is declared in header '<stdio.h>'
   71 | #include <limits.h>
   72 | #undef snprintf
configure:7000: $? = 0
configure:7000: result: yes
configure:7006: checking for strchr
configure:7006: gcc -o conftest -g -O2   conftest.c  >&5
conftest.c:81:6: warning: conflicting types for built-in function 'strchr'; expected 'char *(const char *, int)' [-Wbuiltin-declaration-mismatch]
   81 | char strchr ();
      |      ^~~~~~
conftest.c:73:1: note: 'strchr' is declared in header '<string.h>'
   72 | #include <limits.h>
   73 | #undef strchr
configure:7006: $? = 0
configure:7006: result: yes
configure:7012: checking for strerror
configure:7012: gcc -o conftest -g -O2   conftest.c  >&5
configure:7012: $? = 0
configure:7012: result: yes
configure:7018: checking for strerror_r
configure:7018: gcc -o conftest -g -O2   conftest.c  >&5
configure:7018: $? = 0
configure:7018: result: yes
configure:7024: checking for strlcpy
configure:7024: gcc -o conftest -g -O2   conftest.c  >&5
/usr/bin/ld: /tmp/ccn9CYQi.o: in function `main':
/home/sudo1/onvif/gsoap-2.8/conftest.c:95: undefined reference to `strlcpy'
collect2: error: ld returned 1 exit status
configure:7024: $? = 1
configure: failed program was:
| /* confdefs.h */
| #define PACKAGE_NAME "gsoap"
| #define PACKAGE_TARNAME "gsoap"
| #define PACKAGE_VERSION "2.8"
| #define PACKAGE_STRING "gsoap 2.8"
| #define PACKAGE_BUGREPORT ""
| #define PACKAGE_URL ""
| #define PACKAGE "gsoap"
| #define VERSION "2.8"
| #define YYTEXT_POINTER 1
| #define HAVE_STDIO_H 1
| #define HAVE_STDLIB_H 1
| #define HAVE_STRING_H 1
| #define HAVE_INTTYPES_H 1
| #define HAVE_STDINT_H 1
| #define HAVE_STRINGS_H 1
| #define HAVE_SYS_STAT_H 1
| #define HAVE_SYS_TYPES_H 1
| #define HAVE_UNISTD_H 1
| #define HAVE_SYS_TIME_H 1
| #define STDC_HEADERS 1
| #define HAVE_ARPA_INET_H 1
| #define HAVE_LOCALE_H 1
| #define HAVE_ERRNO_H 1
| #define HAVE_FCNTL_H 1
| #define HAVE_CTYPE_H 1
| #define HAVE_LIMITS_H 1
| #define HAVE_FLOAT_H 1
| #define HAVE_MATH_H 1
| #define HAVE_NETDB_H 1
| #define HAVE_NETINET_IN_H 1
| #define HAVE_STDLIB_H 1
| #define HAVE_STRING_H 1
| #define HAVE_STRINGS_H 1
| #define HAVE_STDINT_H 1
| #define HAVE_INTTYPES_H 1
| #define HAVE_TIME_H 1
| #define HAVE_SYS_SOCKET_H 1
| #define HAVE_SYS_TYPES_H 1
| #define HAVE_SYS_TIME_H 1
| #define HAVE_SYS_TIMEB_H 1
| #define HAVE_UNISTD_H 1
| #define HAVE_POLL_H 1
| #define HAVE_OPENSSL_SSL_H 1
| #define HAVE_GNUTLS_GNUTLS_H 1
| #define HAVE_ZLIB_H 1
| #define HAVE_SOCKLEN_T 1
| #define HAVE_STRUCT_TM_TM_GMTOFF 1
| #define HAVE_ALARM 1
| #define HAVE_STRFTIME 1
| #define HAVE_RANDOM 1
| #define HAVE_GETTIMEOFDAY 1
| #define HAVE_FTIME 1
| #define HAVE_LOCALTIME_R 1
| #define HAVE_TIMEGM 1
| #define HAVE_GMTIME 1
| #define HAVE_GMTIME_R 1
| #define HAVE_ASCTIME 1
| #define HAVE_ASCTIME_R 1
| #define HAVE_MEMSET 1
| #define HAVE_SELECT 1
| #define HAVE_SOCKET 1
| #define HAVE_SNPRINTF 1
| #define HAVE_STRCHR 1
| #define HAVE_STRERROR 1
| #define HAVE_STRERROR_R 1
| /* end confdefs.h.  */
| /* Define strlcpy to an innocuous variant, in case <limits.h> declares strlcpy.
|    For example, HP-UX 11i <limits.h> declares gettimeofday.  */
| #define strlcpy innocuous_strlcpy
| 
| /* System header to define __stub macros and hopefully few prototypes,
|    which can conflict with char strlcpy (); below.  */
| 
| #include <limits.h>
| #undef strlcpy
| 
| /* Override any GCC internal prototype to avoid an error.
|    Use char because int might match the return type of a GCC
|    builtin and then its argument prototype would still apply.  */
| #ifdef __cplusplus
| extern "C"
| #endif
| char strlcpy ();
| /* The GNU C library defines this for functions which it implements
|     to always fail with ENOSYS.  Some functions are actually named
|     something starting with __ and the normal name is an alias.  */
| #if defined __stub_strlcpy || defined __stub___strlcpy
| choke me
| #endif
| 
| int
| main (void)
| {
| return strlcpy ();
|   ;
|   return 0;
| }
configure:7024: result: no
configure:7030: checking for strlcat
configure:7030: gcc -o conftest -g -O2   conftest.c  >&5
/usr/bin/ld: /tmp/ccTB94dv.o: in function `main':
/home/sudo1/onvif/gsoap-2.8/conftest.c:95: undefined reference to `strlcat'
collect2: error: ld returned 1 exit status
configure:7030: $? = 1
configure: failed program was:
| /* confdefs.h */
| #define PACKAGE_NAME "gsoap"
| #define PACKAGE_TARNAME "gsoap"
| #define PACKAGE_VERSION "2.8"
| #define PACKAGE_STRING "gsoap 2.8"
| #define PACKAGE_BUGREPORT ""
| #define PACKAGE_URL ""
| #define PACKAGE "gsoap"
| #define VERSION "2.8"
| #define YYTEXT_POINTER 1
| #define HAVE_STDIO_H 1
| #define HAVE_STDLIB_H 1
| #define HAVE_STRING_H 1
| #define HAVE_INTTYPES_H 1
| #define HAVE_STDINT_H 1
| #define HAVE_STRINGS_H 1
| #define HAVE_SYS_STAT_H 1
| #define HAVE_SYS_TYPES_H 1
| #define HAVE_UNISTD_H 1
| #define HAVE_SYS_TIME_H 1
| #define STDC_HEADERS 1
| #define HAVE_ARPA_INET_H 1
| #define HAVE_LOCALE_H 1
| #define HAVE_ERRNO_H 1
| #define HAVE_FCNTL_H 1
| #define HAVE_CTYPE_H 1
| #define HAVE_LIMITS_H 1
| #define HAVE_FLOAT_H 1
| #define HAVE_MATH_H 1
| #define HAVE_NETDB_H 1
| #define HAVE_NETINET_IN_H 1
| #define HAVE_STDLIB_H 1
| #define HAVE_STRING_H 1
| #define HAVE_STRINGS_H 1
| #define HAVE_STDINT_H 1
| #define HAVE_INTTYPES_H 1
| #define HAVE_TIME_H 1
| #define HAVE_SYS_SOCKET_H 1
| #define HAVE_SYS_TYPES_H 1
| #define HAVE_SYS_TIME_H 1
| #define HAVE_SYS_TIMEB_H 1
| #define HAVE_UNISTD_H 1
| #define HAVE_POLL_H 1
| #define HAVE_OPENSSL_SSL_H 1
| #define HAVE_GNUTLS_GNUTLS_H 1
| #define HAVE_ZLIB_H 1
| #define HAVE_SOCKLEN_T 1
| #define HAVE_STRUCT_TM_TM_GMTOFF 1
| #define HAVE_ALARM 1
| #define HAVE_STRFTIME 1
| #define HAVE_RANDOM 1
| #define HAVE_GETTIMEOFDAY 1
| #define HAVE_FTIME 1
| #define HAVE_LOCALTIME_R 1
| #define HAVE_TIMEGM 1
| #define HAVE_GMTIME 1
| #define HAVE_GMTIME_R 1
| #define HAVE_ASCTIME 1
| #define HAVE_ASCTIME_R 1
| #define HAVE_MEMSET 1
| #define HAVE_SELECT 1
| #define HAVE_SOCKET 1
| #define HAVE_SNPRINTF 1
| #define HAVE_STRCHR 1
| #define HAVE_STRERROR 1
| #define HAVE_STRERROR_R 1
| /* end confdefs.h.  */
| /* Define strlcat to an innocuous variant, in case <limits.h> declares strlcat.
|    For example, HP-UX 11i <limits.h> declares gettimeofday.  */
| #define strlcat innocuous_strlcat
| 
| /* System header to define __stub macros and hopefully few prototypes,
|    which can conflict with char strlcat (); below.  */
| 
| #include <limits.h>
| #undef strlcat
| 
| /* Override any GCC internal prototype to avoid an error.
|    Use char because int might match the return type of a GCC
|    builtin and then its argument prototype would still apply.  */
| #ifdef __cplusplus
| extern "C"
| #endif
| char strlcat ();
| /* The GNU C library defines this for functions which it implements
|     to always fail with ENOSYS.  Some functions are actually named
|     something starting with __ and the normal name is an alias.  */
| #if defined __stub_strlcat || defined __stub___strlcat
| choke me
| #endif
| 
| int
| main (void)
| {
| return strlcat ();
|   ;
|   return 0;
| }
configure:7030: result: no
configure:7036: checking for strrchr
configure:7036: gcc -o conftest -g -O2   conftest.c  >&5
conftest.c:84:6: warning: conflicting types for built-in function 'strrchr'; expected 'char *(const char *, int)' [-Wbuiltin-declaration-mismatch]
   84 | char strrchr ();
      |      ^~~~~~~
conftest.c:76:1: note: 'strrchr' is declared in header '<string.h>'
   75 | #include <limits.h>
   76 | #undef strrchr
configure:7036: $? = 0
configure:7036: result: yes
configure:7042: checking for strstr
configure:7042: gcc -o conftest -g -O2   conftest.c  >&5
conftest.c:85:6: warning: conflicting types for built-in function 'strstr'; expected 'char *(const char *, const char *)' [-Wbuiltin-declaration-mismatch]
   85 | char strstr ();
      |      ^~~~~~
conftest.c:77:1: note: 'strstr' is declared in header '<string.h>'
   76 | #include <limits.h>
   77 | #undef strstr
configure:7042: $? = 0
configure:7042: result: yes
configure:7048: checking for strtol
configure:7048: gcc -o conftest -g -O2   conftest.c  >&5
configure:7048: $? = 0
configure:7048: result: yes
configure:7054: checking for strtoul
configure:7054: gcc -o conftest -g -O2   conftest.c  >&5
configure:7054: $? = 0
configure:7054: result: yes
configure:7060: checking for strtoll
configure:7060: gcc -o conftest -g -O2   conftest.c  >&5
configure:7060: $? = 0
configure:7060: result: yes
configure:7066: checking for strtoull
configure:7066: gcc -o conftest -g -O2   conftest.c  >&5
configure:7066: $? = 0
configure:7066: result: yes
configure:7072: checking for strtold
configure:7072: gcc -o conftest -g -O2   conftest.c  >&5
configure:7072: $? = 0
configure:7072: result: yes
configure:7078: checking for strtod
configure:7078: gcc -o conftest -g -O2   conftest.c  >&5
configure:7078: $? = 0
configure:7078: result: yes
configure:7084: checking for strtof
configure:7084: gcc -o conftest -g -O2   conftest.c  >&5
configure:7084: $? = 0
configure:7084: result: yes
configure:7090: checking for strtold_l
configure:7090: gcc -o conftest -g -O2   conftest.c  >&5
configure:7090: $? = 0
configure:7090: result: yes
configure:7096: checking for strtod_l
configure:7096: gcc -o conftest -g -O2   conftest.c  >&5
configure:7096: $? = 0
configure:7096: result: yes
configure:7102: checking for strtof_l
configure:7102: gcc -o conftest -g -O2   conftest.c  >&5
configure:7102: $? = 0
configure:7102: result: yes
configure:7108: checking for sscanf
configure:7108: gcc -o conftest -g -O2   conftest.c  >&5
conftest.c:96:6: warning: conflicting types for built-in function 'sscanf'; expected 'int(const char *, const char *, ...)' [-Wbuiltin-declaration-mismatch]
   96 | char sscanf ();
      |      ^~~~~~
conftest.c:88:1: note: 'sscanf' is declared in header '<stdio.h>'
   87 | #include <limits.h>
   88 | #undef sscanf
configure:7108: $? = 0
configure:7108: result: yes
configure:7114: checking for sscanf_l
configure:7114: gcc -o conftest -g -O2   conftest.c  >&5
/usr/bin/ld: /tmp/cc0QPs2l.o: in function `main':
/home/sudo1/onvif/gsoap-2.8/conftest.c:108: undefined reference to `sscanf_l'
collect2: error: ld returned 1 exit status
configure:7114: $? = 1
configure: failed program was:
| /* confdefs.h */
| #define PACKAGE_NAME "gsoap"
| #define PACKAGE_TARNAME "gsoap"
| #define PACKAGE_VERSION "2.8"
| #define PACKAGE_STRING "gsoap 2.8"
| #define PACKAGE_BUGREPORT ""
| #define PACKAGE_URL ""
| #define PACKAGE "gsoap"
| #define VERSION "2.8"
| #define YYTEXT_POINTER 1
| #define HAVE_STDIO_H 1
| #define HAVE_STDLIB_H 1
| #define HAVE_STRING_H 1
| #define HAVE_INTTYPES_H 1
| #define HAVE_STDINT_H 1
| #define HAVE_STRINGS_H 1
| #define HAVE_SYS_STAT_H 1
| #define HAVE_SYS_TYPES_H 1
| #define HAVE_UNISTD_H 1
| #define HAVE_SYS_TIME_H 1
| #define STDC_HEADERS 1
| #define HAVE_ARPA_INET_H 1
| #define HAVE_LOCALE_H 1
| #define HAVE_ERRNO_H 1
| #define HAVE_FCNTL_H 1
| #define HAVE_CTYPE_H 1
| #define HAVE_LIMITS_H 1
| #define HAVE_FLOAT_H 1
| #define HAVE_MATH_H 1
| #define HAVE_NETDB_H 1
| #define HAVE_NETINET_IN_H 1
| #define HAVE_STDLIB_H 1
| #define HAVE_STRING_H 1
| #define HAVE_STRINGS_H 1
| #define HAVE_STDINT_H 1
| #define HAVE_INTTYPES_H 1
| #define HAVE_TIME_H 1
| #define HAVE_SYS_SOCKET_H 1
| #define HAVE_SYS_TYPES_H 1
| #define HAVE_SYS_TIME_H 1
| #define HAVE_SYS_TIMEB_H 1
| #define HAVE_UNISTD_H 1
| #define HAVE_POLL_H 1
| #define HAVE_OPENSSL_SSL_H 1
| #define HAVE_GNUTLS_GNUTLS_H 1
| #define HAVE_ZLIB_H 1
| #define HAVE_SOCKLEN_T 1
| #define HAVE_STRUCT_TM_TM_GMTOFF 1
| #define HAVE_ALARM 1
| #define HAVE_STRFTIME 1
| #define HAVE_RANDOM 1
| #define HAVE_GETTIMEOFDAY 1
| #define HAVE_FTIME 1
| #define HAVE_LOCALTIME_R 1
| #define HAVE_TIMEGM 1
| #define HAVE_GMTIME 1
| #define HAVE_GMTIME_R 1
| #define HAVE_ASCTIME 1
| #define HAVE_ASCTIME_R 1
| #define HAVE_MEMSET 1
| #define HAVE_SELECT 1
| #define HAVE_SOCKET 1
| #define HAVE_SNPRINTF 1
| #define HAVE_STRCHR 1
| #define HAVE_STRERROR 1
| #define HAVE_STRERROR_R 1
| #define HAVE_STRRCHR 1
| #define HAVE_STRSTR 1
| #define HAVE_STRTOL 1
| #define HAVE_STRTOUL 1
| #define HAVE_STRTOLL 1
| #define HAVE_STRTOULL 1
| #define HAVE_STRTOLD 1
| #define HAVE_STRTOD 1
| #define HAVE_STRTOF 1
| #define HAVE_STRTOLD_L 1
| #define HAVE_STRTOD_L 1
| #define HAVE_STRTOF_L 1
| #define HAVE_SSCANF 1
| /* end confdefs.h.  */
| /* Define sscanf_l to an innocuous variant, in case <limits.h> declares sscanf_l.
|    For example, HP-UX 11i <limits.h> declares gettimeofday.  */
| #define sscanf_l innocuous_sscanf_l
| 
| /* System header to define __stub macros and hopefully few prototypes,
|    which can conflict with char sscanf_l (); below.  */
| 
| #include <limits.h>
| #undef sscanf_l
| 
| /* Override any GCC internal prototype to avoid an error.
|    Use char because int might match the return type of a GCC
|    builtin and then its argument prototype would still apply.  */
| #ifdef __cplusplus
| extern "C"
| #endif
| char sscanf_l ();
| /* The GNU C library defines this for functions which it implements
|     to always fail with ENOSYS.  Some functions are actually named
|     something starting with __ and the normal name is an alias.  */
| #if defined __stub_sscanf_l || defined __stub___sscanf_l
| choke me
| #endif
| 
| int
| main (void)
| {
| return sscanf_l ();
|   ;
|   return 0;
| }
configure:7114: result: no
configure:7120: checking for snprintf
configure:7120: result: yes
configure:7126: checking for sprintf_l
configure:7126: gcc -o conftest -g -O2   conftest.c  >&5
/usr/bin/ld: /tmp/ccUxrj7q.o: in function `main':
/home/sudo1/onvif/gsoap-2.8/conftest.c:109: undefined reference to `sprintf_l'
collect2: error: ld returned 1 exit status
configure:7126: $? = 1
configure: failed program was:
| /* confdefs.h */
| #define PACKAGE_NAME "gsoap"
| #define PACKAGE_TARNAME "gsoap"
| #define PACKAGE_VERSION "2.8"
| #define PACKAGE_STRING "gsoap 2.8"
| #define PACKAGE_BUGREPORT ""
| #define PACKAGE_URL ""
| #define PACKAGE "gsoap"
| #define VERSION "2.8"
| #define YYTEXT_POINTER 1
| #define HAVE_STDIO_H 1
| #define HAVE_STDLIB_H 1
| #define HAVE_STRING_H 1
| #define HAVE_INTTYPES_H 1
| #define HAVE_STDINT_H 1
| #define HAVE_STRINGS_H 1
| #define HAVE_SYS_STAT_H 1
| #define HAVE_SYS_TYPES_H 1
| #define HAVE_UNISTD_H 1
| #define HAVE_SYS_TIME_H 1
| #define STDC_HEADERS 1
| #define HAVE_ARPA_INET_H 1
| #define HAVE_LOCALE_H 1
| #define HAVE_ERRNO_H 1
| #define HAVE_FCNTL_H 1
| #define HAVE_CTYPE_H 1
| #define HAVE_LIMITS_H 1
| #define HAVE_FLOAT_H 1
| #define HAVE_MATH_H 1
| #define HAVE_NETDB_H 1
| #define HAVE_NETINET_IN_H 1
| #define HAVE_STDLIB_H 1
| #define HAVE_STRING_H 1
| #define HAVE_STRINGS_H 1
| #define HAVE_STDINT_H 1
| #define HAVE_INTTYPES_H 1
| #define HAVE_TIME_H 1
| #define HAVE_SYS_SOCKET_H 1
| #define HAVE_SYS_TYPES_H 1
| #define HAVE_SYS_TIME_H 1
| #define HAVE_SYS_TIMEB_H 1
| #define HAVE_UNISTD_H 1
| #define HAVE_POLL_H 1
| #define HAVE_OPENSSL_SSL_H 1
| #define HAVE_GNUTLS_GNUTLS_H 1
| #define HAVE_ZLIB_H 1
| #define HAVE_SOCKLEN_T 1
| #define HAVE_STRUCT_TM_TM_GMTOFF 1
| #define HAVE_ALARM 1
| #define HAVE_STRFTIME 1
| #define HAVE_RANDOM 1
| #define HAVE_GETTIMEOFDAY 1
| #define HAVE_FTIME 1
| #define HAVE_LOCALTIME_R 1
| #define HAVE_TIMEGM 1
| #define HAVE_GMTIME 1
| #define HAVE_GMTIME_R 1
| #define HAVE_ASCTIME 1
| #define HAVE_ASCTIME_R 1
| #define HAVE_MEMSET 1
| #define HAVE_SELECT 1
| #define HAVE_SOCKET 1
| #define HAVE_SNPRINTF 1
| #define HAVE_STRCHR 1
| #define HAVE_STRERROR 1
| #define HAVE_STRERROR_R 1
| #define HAVE_STRRCHR 1
| #define HAVE_STRSTR 1
| #define HAVE_STRTOL 1
| #define HAVE_STRTOUL 1
| #define HAVE_STRTOLL 1
| #define HAVE_STRTOULL 1
| #define HAVE_STRTOLD 1
| #define HAVE_STRTOD 1
| #define HAVE_STRTOF 1
| #define HAVE_STRTOLD_L 1
| #define HAVE_STRTOD_L 1
| #define HAVE_STRTOF_L 1
| #define HAVE_SSCANF 1
| #define HAVE_SNPRINTF 1
| /* end confdefs.h.  */
| /* Define sprintf_l to an innocuous variant, in case <limits.h> declares sprintf_l.
|    For example, HP-UX 11i <limits.h> declares gettimeofday.  */
| #define sprintf_l innocuous_sprintf_l
| 
| /* System header to define __stub macros and hopefully few prototypes,
|    which can conflict with char sprintf_l (); below.  */
| 
| #include <limits.h>
| #undef sprintf_l
| 
| /* Override any GCC internal prototype to avoid an error.
|    Use char because int might match the return type of a GCC
|    builtin and then its argument prototype would still apply.  */
| #ifdef __cplusplus
| extern "C"
| #endif
| char sprintf_l ();
| /* The GNU C library defines this for functions which it implements
|     to always fail with ENOSYS.  Some functions are actually named
|     something starting with __ and the normal name is an alias.  */
| #if defined __stub_sprintf_l || defined __stub___sprintf_l
| choke me
| #endif
| 
| int
| main (void)
| {
| return sprintf_l ();
|   ;
|   return 0;
| }
configure:7126: result: no
configure:7132: checking for poll
configure:7132: gcc -o conftest -g -O2   conftest.c  >&5
configure:7132: $? = 0
configure:7132: result: yes
configure:7138: checking for newlocale
configure:7138: gcc -o conftest -g -O2   conftest.c  >&5
configure:7138: $? = 0
configure:7138: result: yes
configure:7144: checking for uselocale
configure:7144: gcc -o conftest -g -O2   conftest.c  >&5
configure:7144: $? = 0
configure:7144: result: yes
configure:7150: checking for freelocale
configure:7150: gcc -o conftest -g -O2   conftest.c  >&5
configure:7150: $? = 0
configure:7150: result: yes
configure:7159: checking for isnan
configure:7159: gcc -o conftest -g -O2   conftest.c  >&5
conftest.c:102:6: warning: conflicting types for built-in function 'isnan'; expected 'int()' [-Wbuiltin-declaration-mismatch]
  102 | char isnan ();
      |      ^~~~~
conftest.c:94:1: note: 'isnan' is declared in header '<math.h>'
   93 | #include <limits.h>
   94 | #undef isnan
configure:7159: $? = 0
configure:7159: result: yes
configure:7169: checking for isinf
configure:7169: gcc -o conftest -g -O2   conftest.c  >&5
conftest.c:103:6: warning: conflicting types for built-in function 'isinf'; expected 'int()' [-Wbuiltin-declaration-mismatch]
  103 | char isinf ();
      |      ^~~~~
conftest.c:95:1: note: 'isinf' is declared in header '<math.h>'
   94 | #include <limits.h>
   95 | #undef isinf
configure:7169: $? = 0
configure:7169: result: yes
configure:7253: checking for gethostbyname_r
configure:7253: gcc -o conftest -g -O2   conftest.c  >&5
configure:7253: $? = 0
configure:7253: result: yes
configure:7260: checking for GNU libc compatible malloc
configure:7292: gcc -o conftest -g -O2   conftest.c  >&5
configure:7292: $? = 0
configure:7292: ./conftest
configure:7292: $? = 0
configure:7303: result: yes
configure:7376: checking for disable namespaces in library
configure:7379: result: no
configure:7399: checking for enable xlocale usage in library
configure:7406: result: no
configure:7422: checking for disable c locale usage in library
configure:7425: result: no
configure:7445: checking for enable ipv6 in library
configure:7452: result: no
configure:7468: checking for enable ipv6-v6only in library
configure:7475: result: no
configure:7518: checking for disable openssl in library
configure:7521: result: no
configure:7523: checking for enable gnutls in library
configure:7534: result: no
configure:7734: checking that generated files are newer than configure
configure:7740: result: done
configure:7779: creating ./config.status

## ---------------------- ##
## Running config.status. ##
## ---------------------- ##

This file was extended by gsoap config.status 2.8, which was
generated by GNU Autoconf 2.71.  Invocation command line was

  CONFIG_FILES    = 
  CONFIG_HEADERS  = 
  CONFIG_LINKS    = 
  CONFIG_COMMANDS = 
  $ ./config.status 

on archlinux

config.status:1016: creating Makefile
config.status:1016: creating gsoap.pc
config.status:1016: creating gsoap++.pc
config.status:1016: creating gsoapck.pc
config.status:1016: creating gsoapck++.pc
config.status:1016: creating gsoapssl.pc
config.status:1016: creating gsoapssl++.pc
config.status:1016: creating gsoap/Makefile
config.status:1016: creating gsoap/src/Makefile
config.status:1016: creating gsoap/wsdl/Makefile
config.status:1016: creating gsoap/samples/Makefile
config.status:1016: creating gsoap/samples/autotest/Makefile
config.status:1016: creating gsoap/samples/aws/Makefile
config.status:1016: creating gsoap/samples/calc/Makefile
config.status:1016: creating gsoap/samples/calc++/Makefile
config.status:1016: creating gsoap/samples/chaining/Makefile
config.status:1016: creating gsoap/samples/chaining++/Makefile
config.status:1016: creating gsoap/samples/databinding/Makefile
config.status:1016: creating gsoap/samples/dime/Makefile
config.status:1016: creating gsoap/samples/dom/Makefile
config.status:1016: creating gsoap/samples/oneway/Makefile
config.status:1016: creating gsoap/samples/oneway++/Makefile
config.status:1016: creating gsoap/samples/factory/Makefile
config.status:1016: creating gsoap/samples/factorytest/Makefile
config.status:1016: creating gsoap/samples/gmt/Makefile
config.status:1016: creating gsoap/samples/googleapi/Makefile
config.status:1016: creating gsoap/samples/hello/Makefile
config.status:1016: creating gsoap/samples/httpcookies/Makefile
config.status:1016: creating gsoap/samples/lu/Makefile
config.status:1016: creating gsoap/samples/magic/Makefile
config.status:1016: creating gsoap/samples/mashup/Makefile
config.status:1016: creating gsoap/samples/mashup++/Makefile
config.status:1016: creating gsoap/samples/mtom/Makefile
config.status:1016: creating gsoap/samples/mtom-stream/Makefile
config.status:1016: creating gsoap/samples/polytest/Makefile
config.status:1016: creating gsoap/samples/primes/Makefile
config.status:1016: creating gsoap/samples/roll/Makefile
config.status:1016: creating gsoap/samples/router/Makefile
config.status:1016: creating gsoap/samples/atom/Makefile
config.status:1016: creating gsoap/samples/rss/Makefile
config.status:1016: creating gsoap/samples/ssl/Makefile
config.status:1016: creating gsoap/samples/template/Makefile
config.status:1016: creating gsoap/samples/udp/Makefile
config.status:1016: creating gsoap/samples/varparam/Makefile
config.status:1016: creating gsoap/samples/wsa/Makefile
config.status:1016: creating gsoap/samples/wsrm/Makefile
config.status:1016: creating gsoap/samples/wsse/Makefile
config.status:1016: creating gsoap/samples/wst/Makefile
config.status:1016: creating gsoap/samples/xml-rpc-json/Makefile
config.status:1016: creating gsoap/samples/rest/Makefile
config.status:1016: creating gsoap/samples/testmsgr/Makefile
config.status:1016: creating gsoap/samples/async/Makefile
config.status:1016: creating config.h
config.status:1245: executing depfiles commands
config.status:1322: cd gsoap       && sed -e '/# am--include-marker/d' Makefile         | make -f - am--depfiles
config.status:1327: $? = 0
config.status:1322: cd gsoap/src       && sed -e '/# am--include-marker/d' Makefile         | make -f - am--depfiles
config.status:1327: $? = 0
config.status:1322: cd gsoap/wsdl       && sed -e '/# am--include-marker/d' Makefile         | make -f - am--depfiles
config.status:1327: $? = 0
config.status:1322: cd gsoap/samples/autotest       && sed -e '/# am--include-marker/d' Makefile         | make -f - am--depfiles
config.status:1327: $? = 0
config.status:1322: cd gsoap/samples/aws       && sed -e '/# am--include-marker/d' Makefile         | make -f - am--depfiles
config.status:1327: $? = 0
config.status:1322: cd gsoap/samples/calc       && sed -e '/# am--include-marker/d' Makefile         | make -f - am--depfiles
config.status:1327: $? = 0
config.status:1322: cd gsoap/samples/calc++       && sed -e '/# am--include-marker/d' Makefile         | make -f - am--depfiles
config.status:1327: $? = 0
config.status:1322: cd gsoap/samples/chaining       && sed -e '/# am--include-marker/d' Makefile         | make -f - am--depfiles
config.status:1327: $? = 0
config.status:1322: cd gsoap/samples/chaining++       && sed -e '/# am--include-marker/d' Makefile         | make -f - am--depfiles
config.status:1327: $? = 0
config.status:1322: cd gsoap/samples/databinding       && sed -e '/# am--include-marker/d' Makefile         | make -f - am--depfiles
config.status:1327: $? = 0
config.status:1322: cd gsoap/samples/dime       && sed -e '/# am--include-marker/d' Makefile         | make -f - am--depfiles
config.status:1327: $? = 0
config.status:1322: cd gsoap/samples/dom       && sed -e '/# am--include-marker/d' Makefile         | make -f - am--depfiles
config.status:1327: $? = 0
config.status:1322: cd gsoap/samples/oneway       && sed -e '/# am--include-marker/d' Makefile         | make -f - am--depfiles
config.status:1327: $? = 0
config.status:1322: cd gsoap/samples/oneway++       && sed -e '/# am--include-marker/d' Makefile         | make -f - am--depfiles
config.status:1327: $? = 0
config.status:1322: cd gsoap/samples/factory       && sed -e '/# am--include-marker/d' Makefile         | make -f - am--depfiles
config.status:1327: $? = 0
config.status:1322: cd gsoap/samples/factorytest       && sed -e '/# am--include-marker/d' Makefile         | make -f - am--depfiles
config.status:1327: $? = 0
config.status:1322: cd gsoap/samples/gmt       && sed -e '/# am--include-marker/d' Makefile         | make -f - am--depfiles
config.status:1327: $? = 0
config.status:1322: cd gsoap/samples/googleapi       && sed -e '/# am--include-marker/d' Makefile         | make -f - am--depfiles
/tmp/GmUEKtoo:645: warning: overriding recipe for target 'soapC.cpp'
/tmp/GmUEKtoo:642: warning: ignoring old recipe for target 'soapC.cpp'
config.status:1327: $? = 0
config.status:1322: cd gsoap/samples/hello       && sed -e '/# am--include-marker/d' Makefile         | make -f - am--depfiles
config.status:1327: $? = 0
config.status:1322: cd gsoap/samples/httpcookies       && sed -e '/# am--include-marker/d' Makefile         | make -f - am--depfiles
config.status:1327: $? = 0
config.status:1322: cd gsoap/samples/lu       && sed -e '/# am--include-marker/d' Makefile         | make -f - am--depfiles
config.status:1327: $? = 0
config.status:1322: cd gsoap/samples/magic       && sed -e '/# am--include-marker/d' Makefile         | make -f - am--depfiles
config.status:1327: $? = 0
config.status:1322: cd gsoap/samples/mashup       && sed -e '/# am--include-marker/d' Makefile         | make -f - am--depfiles
config.status:1327: $? = 0
config.status:1322: cd gsoap/samples/mashup++       && sed -e '/# am--include-marker/d' Makefile         | make -f - am--depfiles
config.status:1327: $? = 0
config.status:1322: cd gsoap/samples/mtom       && sed -e '/# am--include-marker/d' Makefile         | make -f - am--depfiles
config.status:1327: $? = 0
config.status:1322: cd gsoap/samples/mtom-stream       && sed -e '/# am--include-marker/d' Makefile         | make -f - am--depfiles
config.status:1327: $? = 0
config.status:1322: cd gsoap/samples/polytest       && sed -e '/# am--include-marker/d' Makefile         | make -f - am--depfiles
config.status:1327: $? = 0
config.status:1322: cd gsoap/samples/primes       && sed -e '/# am--include-marker/d' Makefile         | make -f - am--depfiles
config.status:1327: $? = 0
config.status:1322: cd gsoap/samples/roll       && sed -e '/# am--include-marker/d' Makefile         | make -f - am--depfiles
config.status:1327: $? = 0
config.status:1322: cd gsoap/samples/router       && sed -e '/# am--include-marker/d' Makefile         | make -f - am--depfiles
config.status:1327: $? = 0
config.status:1322: cd gsoap/samples/atom       && sed -e '/# am--include-marker/d' Makefile         | make -f - am--depfiles
config.status:1327: $? = 0
config.status:1322: cd gsoap/samples/rss       && sed -e '/# am--include-marker/d' Makefile         | make -f - am--depfiles
config.status:1327: $? = 0
config.status:1322: cd gsoap/samples/ssl       && sed -e '/# am--include-marker/d' Makefile         | make -f - am--depfiles
config.status:1327: $? = 0
config.status:1322: cd gsoap/samples/template       && sed -e '/# am--include-marker/d' Makefile         | make -f - am--depfiles
config.status:1327: $? = 0
config.status:1322: cd gsoap/samples/udp       && sed -e '/# am--include-marker/d' Makefile         | make -f - am--depfiles
config.status:1327: $? = 0
config.status:1322: cd gsoap/samples/varparam       && sed -e '/# am--include-marker/d' Makefile         | make -f - am--depfiles
config.status:1327: $? = 0
config.status:1322: cd gsoap/samples/wsa       && sed -e '/# am--include-marker/d' Makefile         | make -f - am--depfiles
config.status:1327: $? = 0
config.status:1322: cd gsoap/samples/wsrm       && sed -e '/# am--include-marker/d' Makefile         | make -f - am--depfiles
config.status:1327: $? = 0
config.status:1322: cd gsoap/samples/wsse       && sed -e '/# am--include-marker/d' Makefile         | make -f - am--depfiles
config.status:1327: $? = 0
config.status:1322: cd gsoap/samples/wst       && sed -e '/# am--include-marker/d' Makefile         | make -f - am--depfiles
config.status:1327: $? = 0
config.status:1322: cd gsoap/samples/xml-rpc-json       && sed -e '/# am--include-marker/d' Makefile         | make -f - am--depfiles
config.status:1327: $? = 0
config.status:1322: cd gsoap/samples/rest       && sed -e '/# am--include-marker/d' Makefile         | make -f - am--depfiles
config.status:1327: $? = 0
config.status:1322: cd gsoap/samples/testmsgr       && sed -e '/# am--include-marker/d' Makefile         | make -f - am--depfiles
config.status:1327: $? = 0
config.status:1322: cd gsoap/samples/async       && sed -e '/# am--include-marker/d' Makefile         | make -f - am--depfiles
config.status:1327: $? = 0

## ---------------- ##
## Cache variables. ##
## ---------------- ##

ac_cv_build=x86_64-unknown-linux-gnu
ac_cv_c_compiler_gnu=yes
ac_cv_c_const=yes
ac_cv_cxx_compiler_gnu=yes
ac_cv_env_CCC_set=
ac_cv_env_CCC_value=
ac_cv_env_CC_set=
ac_cv_env_CC_value=
ac_cv_env_CFLAGS_set=
ac_cv_env_CFLAGS_value=
ac_cv_env_CPPFLAGS_set=
ac_cv_env_CPPFLAGS_value=
ac_cv_env_CPP_set=
ac_cv_env_CPP_value=
ac_cv_env_CXXFLAGS_set=
ac_cv_env_CXXFLAGS_value=
ac_cv_env_CXX_set=
ac_cv_env_CXX_value=
ac_cv_env_LDFLAGS_set=
ac_cv_env_LDFLAGS_value=
ac_cv_env_LIBS_set=
ac_cv_env_LIBS_value=
ac_cv_env_YACC_set=
ac_cv_env_YACC_value=
ac_cv_env_YFLAGS_set=
ac_cv_env_YFLAGS_value=
ac_cv_env_build_alias_set=
ac_cv_env_build_alias_value=
ac_cv_env_host_alias_set=
ac_cv_env_host_alias_value=
ac_cv_env_target_alias_set=
ac_cv_env_target_alias_value=
ac_cv_func_alarm=yes
ac_cv_func_asctime=yes
ac_cv_func_asctime_r=yes
ac_cv_func_freelocale=yes
ac_cv_func_ftime=yes
ac_cv_func_gethostbyname_r=yes
ac_cv_func_gettimeofday=yes
ac_cv_func_gmtime=yes
ac_cv_func_gmtime_r=yes
ac_cv_func_isinf=yes
ac_cv_func_isnan=yes
ac_cv_func_localtime_r=yes
ac_cv_func_malloc_0_nonnull=yes
ac_cv_func_memset=yes
ac_cv_func_newlocale=yes
ac_cv_func_poll=yes
ac_cv_func_random=yes
ac_cv_func_select=yes
ac_cv_func_snprintf=yes
ac_cv_func_socket=yes
ac_cv_func_sprintf_l=no
ac_cv_func_sscanf=yes
ac_cv_func_sscanf_l=no
ac_cv_func_strchr=yes
ac_cv_func_strerror=yes
ac_cv_func_strerror_r=yes
ac_cv_func_strftime=yes
ac_cv_func_strlcat=no
ac_cv_func_strlcpy=no
ac_cv_func_strrchr=yes
ac_cv_func_strstr=yes
ac_cv_func_strtod=yes
ac_cv_func_strtod_l=yes
ac_cv_func_strtof=yes
ac_cv_func_strtof_l=yes
ac_cv_func_strtol=yes
ac_cv_func_strtold=yes
ac_cv_func_strtold_l=yes
ac_cv_func_strtoll=yes
ac_cv_func_strtoul=yes
ac_cv_func_strtoull=yes
ac_cv_func_timegm=yes
ac_cv_func_uselocale=yes
ac_cv_func_working_mktime=yes
ac_cv_header_arpa_inet_h=yes
ac_cv_header_ctype_h=yes
ac_cv_header_errno_h=yes
ac_cv_header_fcntl_h=yes
ac_cv_header_float_h=yes
ac_cv_header_gnutls_gnutls_h=yes
ac_cv_header_inttypes_h=yes
ac_cv_header_limits_h=yes
ac_cv_header_locale_h=yes
ac_cv_header_math_h=yes
ac_cv_header_netdb_h=yes
ac_cv_header_netinet_in_h=yes
ac_cv_header_openssl_ssl_h=yes
ac_cv_header_poll_h=yes
ac_cv_header_stdint_h=yes
ac_cv_header_stdio_h=yes
ac_cv_header_stdlib_h=yes
ac_cv_header_string_h=yes
ac_cv_header_strings_h=yes
ac_cv_header_sys_inttypes_h=no
ac_cv_header_sys_socket_h=yes
ac_cv_header_sys_stat_h=yes
ac_cv_header_sys_time_h=yes
ac_cv_header_sys_timeb_h=yes
ac_cv_header_sys_types_h=yes
ac_cv_header_time_h=yes
ac_cv_header_unistd_h=yes
ac_cv_header_xlocale_h=no
ac_cv_header_zlib_h=yes
ac_cv_host=x86_64-unknown-linux-gnu
ac_cv_lib_lex='none needed'
ac_cv_member_struct_tm___tm_gmtoff=no
ac_cv_member_struct_tm_tm_gmtoff=yes
ac_cv_objext=o
ac_cv_path_install='/usr/bin/install -c'
ac_cv_path_mkdir=/usr/bin/mkdir
ac_cv_prog_AWK=gawk
ac_cv_prog_CPP='gcc -E'
ac_cv_prog_LEX=flex
ac_cv_prog_YACC='bison -y'
ac_cv_prog_ac_ct_AR=ar
ac_cv_prog_ac_ct_CC=gcc
ac_cv_prog_ac_ct_CXX=g++
ac_cv_prog_ac_ct_RANLIB=ranlib
ac_cv_prog_cc_c11=
ac_cv_prog_cc_g=yes
ac_cv_prog_cc_stdc=
ac_cv_prog_cxx_11=no
ac_cv_prog_cxx_cxx11=
ac_cv_prog_cxx_g=yes
ac_cv_prog_cxx_stdcxx=
ac_cv_prog_lex_root=lex.yy
ac_cv_prog_lex_yytext_pointer=yes
ac_cv_prog_make_make_set=yes
ac_cv_search_yywrap=no
ac_cv_struct_tm=time.h
ac_cv_type_size_t=yes
ac_cv_type_socklen_t=yes
am_cv_CC_dependencies_compiler_type=gcc3
am_cv_CXX_dependencies_compiler_type=gcc3
am_cv_make_support_nested_variables=yes
am_cv_prog_cc_c_o=yes

## ----------------- ##
## Output variables. ##
## ----------------- ##

ACLOCAL='${SHELL} '\''/home/sudo1/onvif/gsoap-2.8/missing'\'' aclocal-1.16'
AMDEPBACKSLASH='\'
AMDEP_FALSE='#'
AMDEP_TRUE=''
AMTAR='$${TAR-tar}'
AM_BACKSLASH='\'
AM_DEFAULT_V='$(AM_DEFAULT_VERBOSITY)'
AM_DEFAULT_VERBOSITY='1'
AM_V='$(V)'
AR='ar'
AUTOCONF='${SHELL} '\''/home/sudo1/onvif/gsoap-2.8/missing'\'' autoconf'
AUTOHEADER='${SHELL} '\''/home/sudo1/onvif/gsoap-2.8/missing'\'' autoheader'
AUTOMAKE='${SHELL} '\''/home/sudo1/onvif/gsoap-2.8/missing'\'' automake-1.16'
AWK='gawk'
BISON_DEFINE='-DWITH_BISON'
CC='gcc'
CCDEPMODE='depmode=gcc3'
CFLAGS='-g -O2'
CPP='gcc -E'
CPPFLAGS=''
CSCOPE='cscope'
CTAGS='ctags'
CXX='g++'
CXXDEPMODE='depmode=gcc3'
CXXFLAGS='-g -O2'
CYGPATH_W='echo'
DEBUG_COMPILE_FALSE=''
DEBUG_COMPILE_TRUE='#'
DEFS='-DHAVE_CONFIG_H'
DEPDIR='.deps'
ECHO_C=''
ECHO_N='-n'
ECHO_T=''
ENABLE_SAMPLES=''
ENABLE_SAMPLES_FALSE=''
ENABLE_SAMPLES_TRUE='#'
ETAGS='etags'
EXEEXT=''
INSTALL_DATA='${INSTALL} -m 644'
INSTALL_PROGRAM='${INSTALL}'
INSTALL_SCRIPT='${INSTALL}'
INSTALL_STRIP_PROGRAM='$(install_sh) -c -s'
LDFLAGS=''
LEX='flex'
LEXLIB=''
LEX_DEFINE='-DWITH_FLEX'
LEX_FLAGS='-l'
LEX_OUTPUT_ROOT='lex.yy'
LIBOBJS=''
LIBS=''
LN_S='ln -s'
LTLIBOBJS=''
MAKEINFO='${SHELL} '\''/home/sudo1/onvif/gsoap-2.8/missing'\'' makeinfo'
MKDIR_P='/usr/bin/mkdir -p'
OBJEXT='o'
PACKAGE='gsoap'
PACKAGE_BUGREPORT=''
PACKAGE_NAME='gsoap'
PACKAGE_STRING='gsoap 2.8'
PACKAGE_TARNAME='gsoap'
PACKAGE_URL=''
PACKAGE_VERSION='2.8'
PATH_SEPARATOR=':'
RANLIB='ranlib'
SAMPLE_DIRS=''
SAMPLE_EXTRA_LIBS='-lm'
SAMPLE_INCLUDES=''
SAMPLE_SSL_LIBS='-lssl -lcrypto -lz'
SET_MAKE=''
SHELL='/bin/sh'
SOAPCPP2_DEBUG=''
SOAPCPP2_IMPORTPATH='-DSOAPCPP2_IMPORT_PATH="\"${datarootdir}/gsoap/import\""'
SOAPCPP2_INCLUDE_XLOCALE=''
SOAPCPP2_IPV6=''
SOAPCPP2_IPV6_V6ONLY=''
SOAPCPP2_NONAMESPACES=''
SOAPCPP2_NO_C_LOCALE=''
STRIP=''
VERSION='2.8'
WITH_OPENSSL_FALSE='#'
WITH_OPENSSL_TRUE=''
WSDL2H_EXTRA_FLAGS='-DWITH_OPENSSL -DWITH_GZIP'
WSDL2H_EXTRA_LIBS=' -lssl -lcrypto -lz'
WSDL2H_IMPORTPATH='-DWSDL2H_IMPORT_PATH="\"${datarootdir}/gsoap/WS\""'
WSDL2H_SOAP_CPP_LIB='libgsoapssl++.a'
YACC='bison -y'
YACC_LIB=''
YFLAGS=''
ac_ct_CC='gcc'
ac_ct_CXX='g++'
am__EXEEXT_FALSE=''
am__EXEEXT_TRUE='#'
am__fastdepCC_FALSE='#'
am__fastdepCC_TRUE=''
am__fastdepCXX_FALSE='#'
am__fastdepCXX_TRUE=''
am__include='include'
am__isrc=''
am__leading_dot='.'
am__nodep='_no'
am__quote=''
am__tar='$${TAR-tar} chof - "$$tardir"'
am__untar='$${TAR-tar} xf -'
bindir='${exec_prefix}/bin'
build='x86_64-unknown-linux-gnu'
build_alias=''
build_cpu='x86_64'
build_os='linux-gnu'
build_vendor='unknown'
datadir='${datarootdir}'
datarootdir='${prefix}/share'
docdir='${datarootdir}/doc/${PACKAGE_TARNAME}'
dvidir='${docdir}'
exec_prefix='${prefix}'
host='x86_64-unknown-linux-gnu'
host_alias=''
host_cpu='x86_64'
host_os='linux-gnu'
host_vendor='unknown'
htmldir='${docdir}'
includedir='${prefix}/include'
infodir='${datarootdir}/info'
install_sh='${SHELL} /home/sudo1/onvif/gsoap-2.8/install-sh'
libdir='${exec_prefix}/lib'
libexecdir='${exec_prefix}/libexec'
localedir='${datarootdir}/locale'
localstatedir='${prefix}/var'
mandir='${datarootdir}/man'
mkdir_p='$(MKDIR_P)'
oldincludedir='/usr/include'
pdfdir='${docdir}'
platform='LINUX'
prefix='/usr/local'
program_transform_name='s,x,x,'
psdir='${docdir}'
runstatedir='${localstatedir}/run'
sbindir='${exec_prefix}/sbin'
sharedstatedir='${prefix}/com'
sysconfdir='${prefix}/etc'
target_alias=''

## ----------- ##
## confdefs.h. ##
## ----------- ##

/* confdefs.h */
#define PACKAGE_NAME "gsoap"
#define PACKAGE_TARNAME "gsoap"
#define PACKAGE_VERSION "2.8"
#define PACKAGE_STRING "gsoap 2.8"
#define PACKAGE_BUGREPORT ""
#define PACKAGE_URL ""
#define PACKAGE "gsoap"
#define VERSION "2.8"
#define YYTEXT_POINTER 1
#define HAVE_STDIO_H 1
#define HAVE_STDLIB_H 1
#define HAVE_STRING_H 1
#define HAVE_INTTYPES_H 1
#define HAVE_STDINT_H 1
#define HAVE_STRINGS_H 1
#define HAVE_SYS_STAT_H 1
#define HAVE_SYS_TYPES_H 1
#define HAVE_UNISTD_H 1
#define HAVE_SYS_TIME_H 1
#define STDC_HEADERS 1
#define HAVE_ARPA_INET_H 1
#define HAVE_LOCALE_H 1
#define HAVE_ERRNO_H 1
#define HAVE_FCNTL_H 1
#define HAVE_CTYPE_H 1
#define HAVE_LIMITS_H 1
#define HAVE_FLOAT_H 1
#define HAVE_MATH_H 1
#define HAVE_NETDB_H 1
#define HAVE_NETINET_IN_H 1
#define HAVE_STDLIB_H 1
#define HAVE_STRING_H 1
#define HAVE_STRINGS_H 1
#define HAVE_STDINT_H 1
#define HAVE_INTTYPES_H 1
#define HAVE_TIME_H 1
#define HAVE_SYS_SOCKET_H 1
#define HAVE_SYS_TYPES_H 1
#define HAVE_SYS_TIME_H 1
#define HAVE_SYS_TIMEB_H 1
#define HAVE_UNISTD_H 1
#define HAVE_POLL_H 1
#define HAVE_OPENSSL_SSL_H 1
#define HAVE_GNUTLS_GNUTLS_H 1
#define HAVE_ZLIB_H 1
#define HAVE_SOCKLEN_T 1
#define HAVE_STRUCT_TM_TM_GMTOFF 1
#define HAVE_ALARM 1
#define HAVE_STRFTIME 1
#define HAVE_RANDOM 1
#define HAVE_GETTIMEOFDAY 1
#define HAVE_FTIME 1
#define HAVE_LOCALTIME_R 1
#define HAVE_TIMEGM 1
#define HAVE_GMTIME 1
#define HAVE_GMTIME_R 1
#define HAVE_ASCTIME 1
#define HAVE_ASCTIME_R 1
#define HAVE_MEMSET 1
#define HAVE_SELECT 1
#define HAVE_SOCKET 1
#define HAVE_SNPRINTF 1
#define HAVE_STRCHR 1
#define HAVE_STRERROR 1
#define HAVE_STRERROR_R 1
#define HAVE_STRRCHR 1
#define HAVE_STRSTR 1
#define HAVE_STRTOL 1
#define HAVE_STRTOUL 1
#define HAVE_STRTOLL 1
#define HAVE_STRTOULL 1
#define HAVE_STRTOLD 1
#define HAVE_STRTOD 1
#define HAVE_STRTOF 1
#define HAVE_STRTOLD_L 1
#define HAVE_STRTOD_L 1
#define HAVE_STRTOF_L 1
#define HAVE_SSCANF 1
#define HAVE_SNPRINTF 1
#define HAVE_POLL 1
#define HAVE_NEWLOCALE 1
#define HAVE_USELOCALE 1
#define HAVE_FREELOCALE 1
#define HAVE_ISNAN 1
#define HAVE_ISINF 1
#define HAVE_GETHOSTBYNAME_R 1
#define HAVE_MALLOC 1

configure: exit 0

## ---------------------- ##
## Running config.status. ##
## ---------------------- ##

This file was extended by gsoap config.status 2.8, which was
generated by GNU Autoconf 2.71.  Invocation command line was

  CONFIG_FILES    = 
  CONFIG_HEADERS  = 
  CONFIG_LINKS    = 
  CONFIG_COMMANDS = 
  $ ./config.status config.h

on archlinux

config.status:1016: creating config.h
config.status:1197: config.h is unchanged
